SF:lib/data/models/news_model.dart
DA:2,2
DA:36,2
DA:37,2
DA:38,2
DA:39,2
DA:40,2
DA:41,2
DA:42,2
DA:43,2
DA:44,2
DA:45,4
DA:46,4
DA:47,4
DA:48,2
DA:50,0
DA:51,2
DA:52,2
DA:53,2
DA:54,2
DA:55,0
DA:56,0
DA:60,1
DA:61,1
DA:62,1
DA:63,1
DA:64,1
DA:65,1
DA:66,1
DA:67,1
DA:68,1
DA:69,2
DA:70,2
DA:71,2
DA:72,1
DA:73,1
DA:74,1
DA:75,1
DA:76,1
LF:38
LH:35
end_of_record
SF:lib/tab_news_api_client.dart
DA:10,1
DA:17,1
DA:23,1
DA:30,1
DA:36,1
DA:43,1
DA:48,1
DA:49,0
DA:59,1
DA:60,3
DA:61,2
DA:62,2
DA:63,1
DA:66,2
DA:68,1
DA:69,1
DA:71,1
DA:72,3
DA:73,3
DA:78,1
DA:82,2
DA:83,4
DA:84,2
DA:85,1
DA:87,2
DA:89,1
DA:90,1
DA:92,1
DA:96,1
DA:100,2
DA:101,4
DA:102,2
DA:103,1
DA:105,2
DA:107,1
DA:108,1
DA:110,1
DA:111,3
DA:112,3
LF:39
LH:38
end_of_record
